Traceback (most recent call last):
  File "C:\ProgramData\Anaconda3\lib\site-packages\nbclient\client.py", line 730, in _async_poll_for_reply
    msg = await ensure_async(self.kc.shell_channel.get_msg(timeout=new_timeout))
  File "C:\ProgramData\Anaconda3\lib\site-packages\nbclient\util.py", line 96, in ensure_async
    result = await obj
  File "C:\ProgramData\Anaconda3\lib\site-packages\jupyter_client\channels.py", line 230, in get_msg
    raise Empty
_queue.Empty

During handling of the above exception, another exception occurred:

Traceback (most recent call last):
  File "C:\ProgramData\Anaconda3\lib\site-packages\jupyter_cache\executors\utils.py", line 56, in single_nb_execution
    record_timing=False,
  File "C:\ProgramData\Anaconda3\lib\site-packages\nbclient\client.py", line 1204, in execute
    return NotebookClient(nb=nb, resources=resources, km=km, **kwargs).execute()
  File "C:\ProgramData\Anaconda3\lib\site-packages\nbclient\util.py", line 84, in wrapped
    return just_run(coro(*args, **kwargs))
  File "C:\ProgramData\Anaconda3\lib\site-packages\nbclient\util.py", line 62, in just_run
    return loop.run_until_complete(coro)
  File "C:\ProgramData\Anaconda3\lib\asyncio\base_events.py", line 587, in run_until_complete
    return future.result()
  File "C:\ProgramData\Anaconda3\lib\site-packages\nbclient\client.py", line 664, in async_execute
    cell, index, execution_count=self.code_cells_executed + 1
  File "C:\ProgramData\Anaconda3\lib\site-packages\nbclient\client.py", line 949, in async_execute_cell
    exec_reply = await self.task_poll_for_reply
  File "C:\ProgramData\Anaconda3\lib\site-packages\nbclient\client.py", line 754, in _async_poll_for_reply
    await self._async_handle_timeout(timeout, cell)
  File "C:\ProgramData\Anaconda3\lib\site-packages\nbclient\client.py", line 802, in _async_handle_timeout
    "Cell execution timed out", timeout, cell
nbclient.exceptions.CellTimeoutError: A cell timed out while it was being executed, after 30 seconds.
The message was: Cell execution timed out.
Here is a preview of the cell contents:
-------------------
['# Inhibitory synapses', "I1 = Synapses(G1, G2, on_pre='v = out * (1-exp(-(tp * log(1/(1 - g*(v_post - inh)/curr)))/tp))')", "I2 = Synapses(G2, G1, on_pre='v = out * (1-exp(-(tp * log(1/(1 - g*(v_post - inh)/curr)))/tp))')", '', '# Excitatory synapses']
...
["M2 = StateMonitor(G2, 'v', record=True)", 'Sp1 = SpikeMonitor(G1)', 'Sp2 = SpikeMonitor(G2)', '', 'run(500*ms)']
-------------------

